[2022-12-05 11:15:57] request.INFO: Matched route "app_logout". {"route":"app_logout","route_parameters":{"_route":"app_logout","_controller":"App\\Authentication\\Controller\\SecurityController::logout"},"request_uri":"http://localhost/SuiteCRM-8.2.0/public/logout","method":"POST"} []
[2022-12-05 11:15:57] security.DEBUG: Read existing security token from the session. {"key":"_security_main","token_class":"Symfony\\Component\\Security\\Core\\Authentication\\Token\\UsernamePasswordToken"} []
[2022-12-05 11:15:57] security.DEBUG: User was reloaded from a user provider. {"provider":"Symfony\\Bridge\\Doctrine\\Security\\User\\EntityUserProvider","username":"admin"} []
[2022-12-05 11:15:57] security.DEBUG: Checking for authenticator support. {"firewall_name":"main","authenticators":1} []
[2022-12-05 11:15:57] security.DEBUG: Checking support on authenticator. {"firewall_name":"main","authenticator":"App\\Security\\AppJsonLoginAuthenticator"} []
[2022-12-05 11:15:57] security.DEBUG: Authenticator does not support the request. {"firewall_name":"main","authenticator":"App\\Security\\AppJsonLoginAuthenticator"} []
[2022-12-05 11:15:58] request.CRITICAL: Uncaught PHP Exception OneLogin\Saml2\Error: "Invalid array settings: sp_acs_url_invalid, sp_sls_url_invalid, idp_sso_url_invalid, idp_slo_url_invalid, idp_cert_or_fingerprint_not_found_and_required" at C:\wamp64\www\SuiteCRM-8.2.0\vendor\onelogin\php-saml\src\Saml2\Settings.php line 141 {"exception":"[object] (OneLogin\\Saml2\\Error(code: 2): Invalid array settings: sp_acs_url_invalid, sp_sls_url_invalid, idp_sso_url_invalid, idp_slo_url_invalid, idp_cert_or_fingerprint_not_found_and_required at C:\\wamp64\\www\\SuiteCRM-8.2.0\\vendor\\onelogin\\php-saml\\src\\Saml2\\Settings.php:141)"} []
[2022-12-05 11:15:58] security.DEBUG: Stored the security token in the session. {"key":"_security_main"} []
[2022-12-05 12:50:38] request.INFO: Matched route "app_logout". {"route":"app_logout","route_parameters":{"_route":"app_logout","_controller":"App\\Authentication\\Controller\\SecurityController::logout"},"request_uri":"http://localhost/SuiteCRM-8.2.0/public/logout","method":"POST"} []
[2022-12-05 12:50:38] security.DEBUG: Read existing security token from the session. {"key":"_security_main","token_class":"Symfony\\Component\\Security\\Core\\Authentication\\Token\\UsernamePasswordToken"} []
[2022-12-05 12:50:39] security.DEBUG: User was reloaded from a user provider. {"provider":"Symfony\\Bridge\\Doctrine\\Security\\User\\EntityUserProvider","username":"admin"} []
[2022-12-05 12:50:39] security.DEBUG: Checking for authenticator support. {"firewall_name":"main","authenticators":1} []
[2022-12-05 12:50:39] security.DEBUG: Checking support on authenticator. {"firewall_name":"main","authenticator":"App\\Security\\AppJsonLoginAuthenticator"} []
[2022-12-05 12:50:39] security.DEBUG: Authenticator does not support the request. {"firewall_name":"main","authenticator":"App\\Security\\AppJsonLoginAuthenticator"} []
[2022-12-05 12:50:39] request.CRITICAL: Uncaught PHP Exception OneLogin\Saml2\Error: "Invalid array settings: sp_acs_url_invalid, sp_sls_url_invalid, idp_sso_url_invalid, idp_slo_url_invalid, idp_cert_or_fingerprint_not_found_and_required" at C:\wamp64\www\SuiteCRM-8.2.0\vendor\onelogin\php-saml\src\Saml2\Settings.php line 141 {"exception":"[object] (OneLogin\\Saml2\\Error(code: 2): Invalid array settings: sp_acs_url_invalid, sp_sls_url_invalid, idp_sso_url_invalid, idp_slo_url_invalid, idp_cert_or_fingerprint_not_found_and_required at C:\\wamp64\\www\\SuiteCRM-8.2.0\\vendor\\onelogin\\php-saml\\src\\Saml2\\Settings.php:141)"} []
[2022-12-05 12:50:39] security.DEBUG: Stored the security token in the session. {"key":"_security_main"} []
[2022-12-05 13:50:39] request.INFO: Matched route "app_logout". {"route":"app_logout","route_parameters":{"_route":"app_logout","_controller":"App\\Authentication\\Controller\\SecurityController::logout"},"request_uri":"http://localhost/SuiteCRM-8.2.0/public/logout","method":"POST"} []
[2022-12-05 13:50:39] security.DEBUG: Read existing security token from the session. {"key":"_security_main","token_class":"Symfony\\Component\\Security\\Core\\Authentication\\Token\\UsernamePasswordToken"} []
[2022-12-05 13:50:39] security.DEBUG: User was reloaded from a user provider. {"provider":"Symfony\\Bridge\\Doctrine\\Security\\User\\EntityUserProvider","username":"admin"} []
[2022-12-05 13:50:39] security.DEBUG: Checking for authenticator support. {"firewall_name":"main","authenticators":1} []
[2022-12-05 13:50:39] security.DEBUG: Checking support on authenticator. {"firewall_name":"main","authenticator":"App\\Security\\AppJsonLoginAuthenticator"} []
[2022-12-05 13:50:39] security.DEBUG: Authenticator does not support the request. {"firewall_name":"main","authenticator":"App\\Security\\AppJsonLoginAuthenticator"} []
[2022-12-05 13:50:39] request.CRITICAL: Uncaught PHP Exception OneLogin\Saml2\Error: "Invalid array settings: sp_acs_url_invalid, sp_sls_url_invalid, idp_sso_url_invalid, idp_slo_url_invalid, idp_cert_or_fingerprint_not_found_and_required" at C:\wamp64\www\SuiteCRM-8.2.0\vendor\onelogin\php-saml\src\Saml2\Settings.php line 141 {"exception":"[object] (OneLogin\\Saml2\\Error(code: 2): Invalid array settings: sp_acs_url_invalid, sp_sls_url_invalid, idp_sso_url_invalid, idp_slo_url_invalid, idp_cert_or_fingerprint_not_found_and_required at C:\\wamp64\\www\\SuiteCRM-8.2.0\\vendor\\onelogin\\php-saml\\src\\Saml2\\Settings.php:141)"} []
[2022-12-05 13:50:39] security.DEBUG: Stored the security token in the session. {"key":"_security_main"} []
[2022-12-06 09:35:44] request.INFO: Matched route "api_graphql_entrypoint". {"route":"api_graphql_entrypoint","route_parameters":{"_route":"api_graphql_entrypoint","_controller":"api_platform.graphql.action.entrypoint","_graphql":true},"request_uri":"http://localhost/SuiteCRM-8.2.0/public/api/graphql","method":"POST"} []
[2022-12-06 09:35:44] request.ERROR: Uncaught PHP Exception Symfony\Component\HttpKernel\Exception\AccessDeniedHttpException: "Invalid CSRF token" at C:\wamp64\www\SuiteCRM-8.2.0\core\backend\Security\CSRFValidationListener.php line 96 {"exception":"[object] (Symfony\\Component\\HttpKernel\\Exception\\AccessDeniedHttpException(code: 0): Invalid CSRF token at C:\\wamp64\\www\\SuiteCRM-8.2.0\\core\\backend\\Security\\CSRFValidationListener.php:96)"} []
[2022-12-06 10:48:35] request.INFO: Matched route "app_logout". {"route":"app_logout","route_parameters":{"_route":"app_logout","_controller":"App\\Authentication\\Controller\\SecurityController::logout"},"request_uri":"http://localhost/SuiteCRM-8.2.0/public/logout","method":"POST"} []
[2022-12-06 10:48:35] security.DEBUG: Read existing security token from the session. {"key":"_security_main","token_class":"Symfony\\Component\\Security\\Core\\Authentication\\Token\\UsernamePasswordToken"} []
[2022-12-06 10:48:35] security.DEBUG: User was reloaded from a user provider. {"provider":"Symfony\\Bridge\\Doctrine\\Security\\User\\EntityUserProvider","username":"admin"} []
[2022-12-06 10:48:35] security.DEBUG: Checking for authenticator support. {"firewall_name":"main","authenticators":1} []
[2022-12-06 10:48:35] security.DEBUG: Checking support on authenticator. {"firewall_name":"main","authenticator":"App\\Security\\AppJsonLoginAuthenticator"} []
[2022-12-06 10:48:35] security.DEBUG: Authenticator does not support the request. {"firewall_name":"main","authenticator":"App\\Security\\AppJsonLoginAuthenticator"} []
[2022-12-06 10:48:35] request.CRITICAL: Uncaught PHP Exception OneLogin\Saml2\Error: "Invalid array settings: sp_acs_url_invalid, sp_sls_url_invalid, idp_sso_url_invalid, idp_slo_url_invalid, idp_cert_or_fingerprint_not_found_and_required" at C:\wamp64\www\SuiteCRM-8.2.0\vendor\onelogin\php-saml\src\Saml2\Settings.php line 141 {"exception":"[object] (OneLogin\\Saml2\\Error(code: 2): Invalid array settings: sp_acs_url_invalid, sp_sls_url_invalid, idp_sso_url_invalid, idp_slo_url_invalid, idp_cert_or_fingerprint_not_found_and_required at C:\\wamp64\\www\\SuiteCRM-8.2.0\\vendor\\onelogin\\php-saml\\src\\Saml2\\Settings.php:141)"} []
[2022-12-06 10:48:35] security.DEBUG: Stored the security token in the session. {"key":"_security_main"} []
[2022-12-07 09:49:23] request.INFO: Matched route "app_logout". {"route":"app_logout","route_parameters":{"_route":"app_logout","_controller":"App\\Authentication\\Controller\\SecurityController::logout"},"request_uri":"http://localhost/SuiteCRM-8.2.0/public/logout","method":"POST"} []
[2022-12-07 09:49:23] security.DEBUG: Read existing security token from the session. {"key":"_security_main","token_class":"Symfony\\Component\\Security\\Core\\Authentication\\Token\\UsernamePasswordToken"} []
[2022-12-07 09:49:23] security.DEBUG: User was reloaded from a user provider. {"provider":"Symfony\\Bridge\\Doctrine\\Security\\User\\EntityUserProvider","username":"admin"} []
[2022-12-07 09:49:23] security.DEBUG: Checking for authenticator support. {"firewall_name":"main","authenticators":1} []
[2022-12-07 09:49:23] security.DEBUG: Checking support on authenticator. {"firewall_name":"main","authenticator":"App\\Security\\AppJsonLoginAuthenticator"} []
[2022-12-07 09:49:23] security.DEBUG: Authenticator does not support the request. {"firewall_name":"main","authenticator":"App\\Security\\AppJsonLoginAuthenticator"} []
[2022-12-07 09:49:23] request.CRITICAL: Uncaught PHP Exception OneLogin\Saml2\Error: "Invalid array settings: sp_acs_url_invalid, sp_sls_url_invalid, idp_sso_url_invalid, idp_slo_url_invalid, idp_cert_or_fingerprint_not_found_and_required" at C:\wamp64\www\SuiteCRM-8.2.0\vendor\onelogin\php-saml\src\Saml2\Settings.php line 141 {"exception":"[object] (OneLogin\\Saml2\\Error(code: 2): Invalid array settings: sp_acs_url_invalid, sp_sls_url_invalid, idp_sso_url_invalid, idp_slo_url_invalid, idp_cert_or_fingerprint_not_found_and_required at C:\\wamp64\\www\\SuiteCRM-8.2.0\\vendor\\onelogin\\php-saml\\src\\Saml2\\Settings.php:141)"} []
[2022-12-07 09:49:23] security.DEBUG: Stored the security token in the session. {"key":"_security_main"} []
[2022-12-07 14:44:00] request.INFO: Matched route "index". {"route":"index","route_parameters":{"_route":"index","_controller":"App\\Engine\\Controller\\IndexController::index"},"request_uri":"http://localhost/SuiteCRM-8.2.0/public/","method":"GET"} []
[2022-12-07 14:44:00] security.DEBUG: Checking for authenticator support. {"firewall_name":"main","authenticators":1} []
[2022-12-07 14:44:00] security.DEBUG: Checking support on authenticator. {"firewall_name":"main","authenticator":"App\\Security\\AppJsonLoginAuthenticator"} []
[2022-12-07 14:44:00] security.DEBUG: Authenticator does not support the request. {"firewall_name":"main","authenticator":"App\\Security\\AppJsonLoginAuthenticator"} []
[2022-12-07 14:44:00] security.DEBUG: Read existing security token from the session. {"key":"_security_main","token_class":"Symfony\\Component\\Security\\Core\\Authentication\\Token\\UsernamePasswordToken"} []
[2022-12-07 14:44:00] security.DEBUG: User was reloaded from a user provider. {"provider":"Symfony\\Bridge\\Doctrine\\Security\\User\\EntityUserProvider","username":"admin"} []
[2022-12-07 14:44:00] security.DEBUG: Stored the security token in the session. {"key":"_security_main"} []
[2022-12-07 14:44:01] php.CRITICAL: Fatal Error: Allowed memory size of 134217728 bytes exhausted (tried to allocate 65015808 bytes) {"exception":"[object] (Symfony\\Component\\ErrorHandler\\Error\\OutOfMemoryError(code: 0): Error: Allowed memory size of 134217728 bytes exhausted (tried to allocate 65015808 bytes) at C:\\wamp64\\www\\SuiteCRM-8.2.0\\vendor\\symfony\\http-kernel\\Kernel.php:147)"} []
[2022-12-07 14:44:01] request.CRITICAL: Uncaught PHP Exception Symfony\Component\ErrorHandler\Error\OutOfMemoryError: "Error: Allowed memory size of 134217728 bytes exhausted (tried to allocate 65015808 bytes)" at C:\wamp64\www\SuiteCRM-8.2.0\vendor\symfony\http-kernel\Kernel.php line 147 {"exception":"[object] (Symfony\\Component\\ErrorHandler\\Error\\OutOfMemoryError(code: 0): Error: Allowed memory size of 134217728 bytes exhausted (tried to allocate 65015808 bytes) at C:\\wamp64\\www\\SuiteCRM-8.2.0\\vendor\\symfony\\http-kernel\\Kernel.php:147)"} []
[2022-12-07 14:44:01] request.INFO: Matched route "api_graphql_entrypoint". {"route":"api_graphql_entrypoint","route_parameters":{"_route":"api_graphql_entrypoint","_controller":"api_platform.graphql.action.entrypoint","_graphql":true},"request_uri":"http://localhost/SuiteCRM-8.2.0/public/api/graphql","method":"POST"} []
[2022-12-07 14:44:01] security.DEBUG: Read existing security token from the session. {"key":"_security_main","token_class":"Symfony\\Component\\Security\\Core\\Authentication\\Token\\UsernamePasswordToken"} []
[2022-12-07 14:44:01] security.DEBUG: User was reloaded from a user provider. {"provider":"Symfony\\Bridge\\Doctrine\\Security\\User\\EntityUserProvider","username":"admin"} []
[2022-12-07 14:44:01] security.DEBUG: Checking for authenticator support. {"firewall_name":"main","authenticators":1} []
[2022-12-07 14:44:01] security.DEBUG: Checking support on authenticator. {"firewall_name":"main","authenticator":"App\\Security\\AppJsonLoginAuthenticator"} []
[2022-12-07 14:44:01] security.DEBUG: Authenticator does not support the request. {"firewall_name":"main","authenticator":"App\\Security\\AppJsonLoginAuthenticator"} []
[2022-12-07 14:44:01] security.DEBUG: Stored the security token in the session. {"key":"_security_main"} []
[2022-12-07 14:44:02] php.CRITICAL: Fatal Error: Allowed memory size of 134217728 bytes exhausted (tried to allocate 65015808 bytes) {"exception":"[object] (Symfony\\Component\\ErrorHandler\\Error\\OutOfMemoryError(code: 0): Error: Allowed memory size of 134217728 bytes exhausted (tried to allocate 65015808 bytes) at C:\\wamp64\\www\\SuiteCRM-8.2.0\\vendor\\symfony\\http-kernel\\Kernel.php:147)"} []
[2022-12-07 14:44:02] request.CRITICAL: Uncaught PHP Exception Symfony\Component\ErrorHandler\Error\OutOfMemoryError: "Error: Allowed memory size of 134217728 bytes exhausted (tried to allocate 65015808 bytes)" at C:\wamp64\www\SuiteCRM-8.2.0\vendor\symfony\http-kernel\Kernel.php line 147 {"exception":"[object] (Symfony\\Component\\ErrorHandler\\Error\\OutOfMemoryError(code: 0): Error: Allowed memory size of 134217728 bytes exhausted (tried to allocate 65015808 bytes) at C:\\wamp64\\www\\SuiteCRM-8.2.0\\vendor\\symfony\\http-kernel\\Kernel.php:147)"} []
[2022-12-07 14:45:35] request.INFO: Matched route "index". {"route":"index","route_parameters":{"_route":"index","_controller":"App\\Engine\\Controller\\IndexController::index"},"request_uri":"http://localhost/SuiteCRM-8.2.0/public/","method":"GET"} []
[2022-12-07 14:45:35] security.DEBUG: Checking for authenticator support. {"firewall_name":"main","authenticators":1} []
[2022-12-07 14:45:35] security.DEBUG: Checking support on authenticator. {"firewall_name":"main","authenticator":"App\\Security\\AppJsonLoginAuthenticator"} []
[2022-12-07 14:45:35] security.DEBUG: Authenticator does not support the request. {"firewall_name":"main","authenticator":"App\\Security\\AppJsonLoginAuthenticator"} []
[2022-12-07 14:45:35] security.DEBUG: Read existing security token from the session. {"key":"_security_main","token_class":"Symfony\\Component\\Security\\Core\\Authentication\\Token\\UsernamePasswordToken"} []
[2022-12-07 14:45:35] security.DEBUG: User was reloaded from a user provider. {"provider":"Symfony\\Bridge\\Doctrine\\Security\\User\\EntityUserProvider","username":"admin"} []
[2022-12-07 14:45:35] security.DEBUG: Stored the security token in the session. {"key":"_security_main"} []
[2022-12-07 14:45:35] php.CRITICAL: Fatal Error: Allowed memory size of 134217728 bytes exhausted (tried to allocate 65015808 bytes) {"exception":"[object] (Symfony\\Component\\ErrorHandler\\Error\\OutOfMemoryError(code: 0): Error: Allowed memory size of 134217728 bytes exhausted (tried to allocate 65015808 bytes) at C:\\wamp64\\www\\SuiteCRM-8.2.0\\vendor\\symfony\\http-kernel\\Kernel.php:147)"} []
[2022-12-07 14:45:35] request.CRITICAL: Uncaught PHP Exception Symfony\Component\ErrorHandler\Error\OutOfMemoryError: "Error: Allowed memory size of 134217728 bytes exhausted (tried to allocate 65015808 bytes)" at C:\wamp64\www\SuiteCRM-8.2.0\vendor\symfony\http-kernel\Kernel.php line 147 {"exception":"[object] (Symfony\\Component\\ErrorHandler\\Error\\OutOfMemoryError(code: 0): Error: Allowed memory size of 134217728 bytes exhausted (tried to allocate 65015808 bytes) at C:\\wamp64\\www\\SuiteCRM-8.2.0\\vendor\\symfony\\http-kernel\\Kernel.php:147)"} []
[2022-12-07 14:45:36] request.INFO: Matched route "api_graphql_entrypoint". {"route":"api_graphql_entrypoint","route_parameters":{"_route":"api_graphql_entrypoint","_controller":"api_platform.graphql.action.entrypoint","_graphql":true},"request_uri":"http://localhost/SuiteCRM-8.2.0/public/api/graphql","method":"POST"} []
[2022-12-07 14:45:36] security.DEBUG: Read existing security token from the session. {"key":"_security_main","token_class":"Symfony\\Component\\Security\\Core\\Authentication\\Token\\UsernamePasswordToken"} []
[2022-12-07 14:45:36] security.DEBUG: User was reloaded from a user provider. {"provider":"Symfony\\Bridge\\Doctrine\\Security\\User\\EntityUserProvider","username":"admin"} []
[2022-12-07 14:45:36] security.DEBUG: Checking for authenticator support. {"firewall_name":"main","authenticators":1} []
[2022-12-07 14:45:36] security.DEBUG: Checking support on authenticator. {"firewall_name":"main","authenticator":"App\\Security\\AppJsonLoginAuthenticator"} []
[2022-12-07 14:45:36] security.DEBUG: Authenticator does not support the request. {"firewall_name":"main","authenticator":"App\\Security\\AppJsonLoginAuthenticator"} []
[2022-12-07 14:45:36] security.DEBUG: Stored the security token in the session. {"key":"_security_main"} []
[2022-12-07 14:45:36] php.CRITICAL: Fatal Error: Allowed memory size of 134217728 bytes exhausted (tried to allocate 65015808 bytes) {"exception":"[object] (Symfony\\Component\\ErrorHandler\\Error\\OutOfMemoryError(code: 0): Error: Allowed memory size of 134217728 bytes exhausted (tried to allocate 65015808 bytes) at C:\\wamp64\\www\\SuiteCRM-8.2.0\\vendor\\symfony\\http-kernel\\Kernel.php:147)"} []
[2022-12-07 14:45:36] request.CRITICAL: Uncaught PHP Exception Symfony\Component\ErrorHandler\Error\OutOfMemoryError: "Error: Allowed memory size of 134217728 bytes exhausted (tried to allocate 65015808 bytes)" at C:\wamp64\www\SuiteCRM-8.2.0\vendor\symfony\http-kernel\Kernel.php line 147 {"exception":"[object] (Symfony\\Component\\ErrorHandler\\Error\\OutOfMemoryError(code: 0): Error: Allowed memory size of 134217728 bytes exhausted (tried to allocate 65015808 bytes) at C:\\wamp64\\www\\SuiteCRM-8.2.0\\vendor\\symfony\\http-kernel\\Kernel.php:147)"} []
[2022-12-08 07:36:58] request.INFO: Matched route "index". {"route":"index","route_parameters":{"_route":"index","_controller":"App\\Engine\\Controller\\IndexController::index"},"request_uri":"http://localhost/SuiteCRM-8.2.0/public/","method":"GET"} []
[2022-12-08 07:36:58] security.DEBUG: Checking for authenticator support. {"firewall_name":"main","authenticators":1} []
[2022-12-08 07:36:58] security.DEBUG: Checking support on authenticator. {"firewall_name":"main","authenticator":"App\\Security\\AppJsonLoginAuthenticator"} []
[2022-12-08 07:36:58] security.DEBUG: Authenticator does not support the request. {"firewall_name":"main","authenticator":"App\\Security\\AppJsonLoginAuthenticator"} []
[2022-12-08 07:36:58] php.WARNING: Warning: session_name(): Cannot change session name when headers already sent {"exception":"[object] (ErrorException(code: 0): Warning: session_name(): Cannot change session name when headers already sent at C:\\wamp64\\www\\SuiteCRM-8.2.0\\vendor\\symfony\\http-foundation\\Session\\Storage\\Proxy\\AbstractProxy.php:116)"} []
[2022-12-08 07:36:58] php.WARNING: Warning: session_id(): Cannot change session id when headers already sent {"exception":"[object] (ErrorException(code: 0): Warning: session_id(): Cannot change session id when headers already sent at C:\\wamp64\\www\\SuiteCRM-8.2.0\\vendor\\symfony\\http-foundation\\Session\\Storage\\Proxy\\AbstractProxy.php:92)"} []
[2022-12-08 07:36:58] request.CRITICAL: Uncaught PHP Exception RuntimeException: "Failed to start the session because headers have already been sent by "C:\wamp64\www\SuiteCRM-8.2.0\public\index.php" at line 32." at C:\wamp64\www\SuiteCRM-8.2.0\vendor\symfony\http-foundation\Session\Storage\NativeSessionStorage.php line 152 {"exception":"[object] (RuntimeException(code: 0): Failed to start the session because headers have already been sent by \"C:\\wamp64\\www\\SuiteCRM-8.2.0\\public\\index.php\" at line 32. at C:\\wamp64\\www\\SuiteCRM-8.2.0\\vendor\\symfony\\http-foundation\\Session\\Storage\\NativeSessionStorage.php:152)"} []
[2022-12-08 07:36:58] php.WARNING: Warning: session_name(): Cannot change session name when headers already sent {"exception":"[object] (ErrorException(code: 0): Warning: session_name(): Cannot change session name when headers already sent at C:\\wamp64\\www\\SuiteCRM-8.2.0\\vendor\\symfony\\http-foundation\\Session\\Storage\\Proxy\\AbstractProxy.php:116)"} []
[2022-12-08 07:36:58] php.WARNING: Warning: session_id(): Cannot change session id when headers already sent {"exception":"[object] (ErrorException(code: 0): Warning: session_id(): Cannot change session id when headers already sent at C:\\wamp64\\www\\SuiteCRM-8.2.0\\vendor\\symfony\\http-foundation\\Session\\Storage\\Proxy\\AbstractProxy.php:92)"} []
[2022-12-08 07:36:58] request.CRITICAL: Exception thrown when handling an exception (RuntimeException: Failed to start the session because headers have already been sent by "C:\wamp64\www\SuiteCRM-8.2.0\public\index.php" at line 32. at C:\wamp64\www\SuiteCRM-8.2.0\vendor\symfony\http-foundation\Session\Storage\NativeSessionStorage.php line 152) {"exception":"[object] (RuntimeException(code: 0): Failed to start the session because headers have already been sent by \"C:\\wamp64\\www\\SuiteCRM-8.2.0\\public\\index.php\" at line 32. at C:\\wamp64\\www\\SuiteCRM-8.2.0\\vendor\\symfony\\http-foundation\\Session\\Storage\\NativeSessionStorage.php:152)"} []
[2022-12-08 07:36:58] php.CRITICAL: Uncaught Exception: Failed to start the session because headers have already been sent by "C:\wamp64\www\SuiteCRM-8.2.0\public\index.php" at line 32. {"exception":"[object] (RuntimeException(code: 0): Failed to start the session because headers have already been sent by \"C:\\wamp64\\www\\SuiteCRM-8.2.0\\public\\index.php\" at line 32. at C:\\wamp64\\www\\SuiteCRM-8.2.0\\vendor\\symfony\\http-foundation\\Session\\Storage\\NativeSessionStorage.php:152, RuntimeException(code: 0): Failed to start the session because headers have already been sent by \"C:\\wamp64\\www\\SuiteCRM-8.2.0\\public\\index.php\" at line 32. at C:\\wamp64\\www\\SuiteCRM-8.2.0\\vendor\\symfony\\http-foundation\\Session\\Storage\\NativeSessionStorage.php:152)"} []
[2022-12-08 07:36:58] request.CRITICAL: Uncaught PHP Exception RuntimeException: "Failed to start the session because headers have already been sent by "C:\wamp64\www\SuiteCRM-8.2.0\public\index.php" at line 32." at C:\wamp64\www\SuiteCRM-8.2.0\vendor\symfony\http-foundation\Session\Storage\NativeSessionStorage.php line 152 {"exception":"[object] (RuntimeException(code: 0): Failed to start the session because headers have already been sent by \"C:\\wamp64\\www\\SuiteCRM-8.2.0\\public\\index.php\" at line 32. at C:\\wamp64\\www\\SuiteCRM-8.2.0\\vendor\\symfony\\http-foundation\\Session\\Storage\\NativeSessionStorage.php:152, RuntimeException(code: 0): Failed to start the session because headers have already been sent by \"C:\\wamp64\\www\\SuiteCRM-8.2.0\\public\\index.php\" at line 32. at C:\\wamp64\\www\\SuiteCRM-8.2.0\\vendor\\symfony\\http-foundation\\Session\\Storage\\NativeSessionStorage.php:152)"} []
[2022-12-08 07:36:58] php.WARNING: Warning: session_name(): Cannot change session name when headers already sent {"exception":"[object] (ErrorException(code: 0): Warning: session_name(): Cannot change session name when headers already sent at C:\\wamp64\\www\\SuiteCRM-8.2.0\\vendor\\symfony\\http-foundation\\Session\\Storage\\Proxy\\AbstractProxy.php:116)"} []
[2022-12-08 07:36:58] php.WARNING: Warning: session_id(): Cannot change session id when headers already sent {"exception":"[object] (ErrorException(code: 0): Warning: session_id(): Cannot change session id when headers already sent at C:\\wamp64\\www\\SuiteCRM-8.2.0\\vendor\\symfony\\http-foundation\\Session\\Storage\\Proxy\\AbstractProxy.php:92)"} []
[2022-12-08 07:36:58] request.CRITICAL: Exception thrown when handling an exception (RuntimeException: Failed to start the session because headers have already been sent by "C:\wamp64\www\SuiteCRM-8.2.0\public\index.php" at line 32. at C:\wamp64\www\SuiteCRM-8.2.0\vendor\symfony\http-foundation\Session\Storage\NativeSessionStorage.php line 152) {"exception":"[object] (RuntimeException(code: 0): Failed to start the session because headers have already been sent by \"C:\\wamp64\\www\\SuiteCRM-8.2.0\\public\\index.php\" at line 32. at C:\\wamp64\\www\\SuiteCRM-8.2.0\\vendor\\symfony\\http-foundation\\Session\\Storage\\NativeSessionStorage.php:152)"} []
[2022-12-08 07:36:58] php.CRITICAL: Uncaught Exception: Failed to start the session because headers have already been sent by "C:\wamp64\www\SuiteCRM-8.2.0\public\index.php" at line 32. {"exception":"[object] (RuntimeException(code: 0): Failed to start the session because headers have already been sent by \"C:\\wamp64\\www\\SuiteCRM-8.2.0\\public\\index.php\" at line 32. at C:\\wamp64\\www\\SuiteCRM-8.2.0\\vendor\\symfony\\http-foundation\\Session\\Storage\\NativeSessionStorage.php:152, RuntimeException(code: 0): Failed to start the session because headers have already been sent by \"C:\\wamp64\\www\\SuiteCRM-8.2.0\\public\\index.php\" at line 32. at C:\\wamp64\\www\\SuiteCRM-8.2.0\\vendor\\symfony\\http-foundation\\Session\\Storage\\NativeSessionStorage.php:152, RuntimeException(code: 0): Failed to start the session because headers have already been sent by \"C:\\wamp64\\www\\SuiteCRM-8.2.0\\public\\index.php\" at line 32. at C:\\wamp64\\www\\SuiteCRM-8.2.0\\vendor\\symfony\\http-foundation\\Session\\Storage\\NativeSessionStorage.php:152)"} []
[2022-12-08 07:38:07] request.INFO: Matched route "index". {"route":"index","route_parameters":{"_route":"index","_controller":"App\\Engine\\Controller\\IndexController::index"},"request_uri":"http://localhost/SuiteCRM-8.2.0/public/","method":"GET"} []
[2022-12-08 07:38:07] security.DEBUG: Checking for authenticator support. {"firewall_name":"main","authenticators":1} []
[2022-12-08 07:38:07] security.DEBUG: Checking support on authenticator. {"firewall_name":"main","authenticator":"App\\Security\\AppJsonLoginAuthenticator"} []
[2022-12-08 07:38:07] security.DEBUG: Authenticator does not support the request. {"firewall_name":"main","authenticator":"App\\Security\\AppJsonLoginAuthenticator"} []
[2022-12-08 07:38:07] security.DEBUG: Read existing security token from the session. {"key":"_security_main","token_class":"Symfony\\Component\\Security\\Core\\Authentication\\Token\\UsernamePasswordToken"} []
[2022-12-08 07:38:07] security.DEBUG: User was reloaded from a user provider. {"provider":"Symfony\\Bridge\\Doctrine\\Security\\User\\EntityUserProvider","username":"admin"} []
[2022-12-08 07:38:07] security.DEBUG: Stored the security token in the session. {"key":"_security_main"} []
[2022-12-08 07:38:07] php.CRITICAL: Fatal Error: Allowed memory size of 134217728 bytes exhausted (tried to allocate 62918656 bytes) {"exception":"[object] (Symfony\\Component\\ErrorHandler\\Error\\OutOfMemoryError(code: 0): Error: Allowed memory size of 134217728 bytes exhausted (tried to allocate 62918656 bytes) at C:\\wamp64\\www\\SuiteCRM-8.2.0\\public\\index.php:67)"} []
[2022-12-08 07:38:07] request.CRITICAL: Uncaught PHP Exception Symfony\Component\ErrorHandler\Error\OutOfMemoryError: "Error: Allowed memory size of 134217728 bytes exhausted (tried to allocate 62918656 bytes)" at C:\wamp64\www\SuiteCRM-8.2.0\public\index.php line 67 {"exception":"[object] (Symfony\\Component\\ErrorHandler\\Error\\OutOfMemoryError(code: 0): Error: Allowed memory size of 134217728 bytes exhausted (tried to allocate 62918656 bytes) at C:\\wamp64\\www\\SuiteCRM-8.2.0\\public\\index.php:67)"} []
[2022-12-08 07:38:08] request.INFO: Matched route "api_graphql_entrypoint". {"route":"api_graphql_entrypoint","route_parameters":{"_route":"api_graphql_entrypoint","_controller":"api_platform.graphql.action.entrypoint","_graphql":true},"request_uri":"http://localhost/SuiteCRM-8.2.0/public/api/graphql","method":"POST"} []
[2022-12-08 07:38:08] security.DEBUG: Read existing security token from the session. {"key":"_security_main","token_class":"Symfony\\Component\\Security\\Core\\Authentication\\Token\\UsernamePasswordToken"} []
[2022-12-08 07:38:08] security.DEBUG: User was reloaded from a user provider. {"provider":"Symfony\\Bridge\\Doctrine\\Security\\User\\EntityUserProvider","username":"admin"} []
[2022-12-08 07:38:08] security.DEBUG: Checking for authenticator support. {"firewall_name":"main","authenticators":1} []
[2022-12-08 07:38:08] security.DEBUG: Checking support on authenticator. {"firewall_name":"main","authenticator":"App\\Security\\AppJsonLoginAuthenticator"} []
[2022-12-08 07:38:08] security.DEBUG: Authenticator does not support the request. {"firewall_name":"main","authenticator":"App\\Security\\AppJsonLoginAuthenticator"} []
[2022-12-08 07:38:09] security.DEBUG: Stored the security token in the session. {"key":"_security_main"} []
[2022-12-08 07:38:09] php.CRITICAL: Fatal Error: Allowed memory size of 134217728 bytes exhausted (tried to allocate 65015808 bytes) {"exception":"[object] (Symfony\\Component\\ErrorHandler\\Error\\OutOfMemoryError(code: 0): Error: Allowed memory size of 134217728 bytes exhausted (tried to allocate 65015808 bytes) at C:\\wamp64\\www\\SuiteCRM-8.2.0\\public\\index.php:67)"} []
[2022-12-08 07:38:09] request.CRITICAL: Uncaught PHP Exception Symfony\Component\ErrorHandler\Error\OutOfMemoryError: "Error: Allowed memory size of 134217728 bytes exhausted (tried to allocate 65015808 bytes)" at C:\wamp64\www\SuiteCRM-8.2.0\public\index.php line 67 {"exception":"[object] (Symfony\\Component\\ErrorHandler\\Error\\OutOfMemoryError(code: 0): Error: Allowed memory size of 134217728 bytes exhausted (tried to allocate 65015808 bytes) at C:\\wamp64\\www\\SuiteCRM-8.2.0\\public\\index.php:67)"} []
[2022-12-08 09:46:24] request.INFO: Matched route "app_logout". {"route":"app_logout","route_parameters":{"_route":"app_logout","_controller":"App\\Authentication\\Controller\\SecurityController::logout"},"request_uri":"http://localhost/SuiteCRM-8.2.0/public/logout","method":"POST"} []
[2022-12-08 09:46:24] security.DEBUG: Read existing security token from the session. {"key":"_security_main","token_class":"Symfony\\Component\\Security\\Core\\Authentication\\Token\\UsernamePasswordToken"} []
[2022-12-08 09:46:24] security.DEBUG: User was reloaded from a user provider. {"provider":"Symfony\\Bridge\\Doctrine\\Security\\User\\EntityUserProvider","username":"admin"} []
[2022-12-08 09:46:24] security.DEBUG: Checking for authenticator support. {"firewall_name":"main","authenticators":1} []
[2022-12-08 09:46:24] security.DEBUG: Checking support on authenticator. {"firewall_name":"main","authenticator":"App\\Security\\AppJsonLoginAuthenticator"} []
[2022-12-08 09:46:24] security.DEBUG: Authenticator does not support the request. {"firewall_name":"main","authenticator":"App\\Security\\AppJsonLoginAuthenticator"} []
[2022-12-08 09:46:24] request.CRITICAL: Uncaught PHP Exception OneLogin\Saml2\Error: "Invalid array settings: sp_acs_url_invalid, sp_sls_url_invalid, idp_sso_url_invalid, idp_slo_url_invalid, idp_cert_or_fingerprint_not_found_and_required" at C:\wamp64\www\SuiteCRM-8.2.0\vendor\onelogin\php-saml\src\Saml2\Settings.php line 141 {"exception":"[object] (OneLogin\\Saml2\\Error(code: 2): Invalid array settings: sp_acs_url_invalid, sp_sls_url_invalid, idp_sso_url_invalid, idp_slo_url_invalid, idp_cert_or_fingerprint_not_found_and_required at C:\\wamp64\\www\\SuiteCRM-8.2.0\\vendor\\onelogin\\php-saml\\src\\Saml2\\Settings.php:141)"} []
[2022-12-08 09:46:24] security.DEBUG: Stored the security token in the session. {"key":"_security_main"} []
[2022-12-08 11:33:06] request.INFO: Matched route "app_logout". {"route":"app_logout","route_parameters":{"_route":"app_logout","_controller":"App\\Authentication\\Controller\\SecurityController::logout"},"request_uri":"http://localhost/SuiteCRM-8.2.0/public/logout","method":"POST"} []
[2022-12-08 11:33:06] security.DEBUG: Read existing security token from the session. {"key":"_security_main","token_class":"Symfony\\Component\\Security\\Core\\Authentication\\Token\\UsernamePasswordToken"} []
[2022-12-08 11:33:07] security.DEBUG: User was reloaded from a user provider. {"provider":"Symfony\\Bridge\\Doctrine\\Security\\User\\EntityUserProvider","username":"admin"} []
[2022-12-08 11:33:07] security.DEBUG: Checking for authenticator support. {"firewall_name":"main","authenticators":1} []
[2022-12-08 11:33:07] security.DEBUG: Checking support on authenticator. {"firewall_name":"main","authenticator":"App\\Security\\AppJsonLoginAuthenticator"} []
[2022-12-08 11:33:07] security.DEBUG: Authenticator does not support the request. {"firewall_name":"main","authenticator":"App\\Security\\AppJsonLoginAuthenticator"} []
[2022-12-08 11:33:07] request.CRITICAL: Uncaught PHP Exception OneLogin\Saml2\Error: "Invalid array settings: sp_acs_url_invalid, sp_sls_url_invalid, idp_sso_url_invalid, idp_slo_url_invalid, idp_cert_or_fingerprint_not_found_and_required" at C:\wamp64\www\SuiteCRM-8.2.0\vendor\onelogin\php-saml\src\Saml2\Settings.php line 141 {"exception":"[object] (OneLogin\\Saml2\\Error(code: 2): Invalid array settings: sp_acs_url_invalid, sp_sls_url_invalid, idp_sso_url_invalid, idp_slo_url_invalid, idp_cert_or_fingerprint_not_found_and_required at C:\\wamp64\\www\\SuiteCRM-8.2.0\\vendor\\onelogin\\php-saml\\src\\Saml2\\Settings.php:141)"} []
[2022-12-08 11:33:07] security.DEBUG: Stored the security token in the session. {"key":"_security_main"} []
[2022-12-09 09:05:29] request.INFO: Matched route "app_logout". {"route":"app_logout","route_parameters":{"_route":"app_logout","_controller":"App\\Authentication\\Controller\\SecurityController::logout"},"request_uri":"http://localhost/SuiteCRM-8.2.0/public/logout","method":"POST"} []
[2022-12-09 09:05:29] security.DEBUG: Read existing security token from the session. {"key":"_security_main","token_class":"Symfony\\Component\\Security\\Core\\Authentication\\Token\\UsernamePasswordToken"} []
[2022-12-09 09:05:29] security.DEBUG: User was reloaded from a user provider. {"provider":"Symfony\\Bridge\\Doctrine\\Security\\User\\EntityUserProvider","username":"admin"} []
[2022-12-09 09:05:29] security.DEBUG: Checking for authenticator support. {"firewall_name":"main","authenticators":1} []
[2022-12-09 09:05:29] security.DEBUG: Checking support on authenticator. {"firewall_name":"main","authenticator":"App\\Security\\AppJsonLoginAuthenticator"} []
[2022-12-09 09:05:29] security.DEBUG: Authenticator does not support the request. {"firewall_name":"main","authenticator":"App\\Security\\AppJsonLoginAuthenticator"} []
[2022-12-09 09:05:29] request.CRITICAL: Uncaught PHP Exception OneLogin\Saml2\Error: "Invalid array settings: sp_acs_url_invalid, sp_sls_url_invalid, idp_sso_url_invalid, idp_slo_url_invalid, idp_cert_or_fingerprint_not_found_and_required" at C:\wamp64\www\SuiteCRM-8.2.0\vendor\onelogin\php-saml\src\Saml2\Settings.php line 141 {"exception":"[object] (OneLogin\\Saml2\\Error(code: 2): Invalid array settings: sp_acs_url_invalid, sp_sls_url_invalid, idp_sso_url_invalid, idp_slo_url_invalid, idp_cert_or_fingerprint_not_found_and_required at C:\\wamp64\\www\\SuiteCRM-8.2.0\\vendor\\onelogin\\php-saml\\src\\Saml2\\Settings.php:141)"} []
[2022-12-09 09:05:29] security.DEBUG: Stored the security token in the session. {"key":"_security_main"} []
[2022-12-09 10:14:56] request.INFO: Matched route "api_graphql_entrypoint". {"route":"api_graphql_entrypoint","route_parameters":{"_route":"api_graphql_entrypoint","_controller":"api_platform.graphql.action.entrypoint","_graphql":true},"request_uri":"http://localhost/SuiteCRM-8.2.0/public/api/graphql","method":"POST"} []
[2022-12-09 10:14:56] request.ERROR: Uncaught PHP Exception Symfony\Component\HttpKernel\Exception\AccessDeniedHttpException: "Invalid CSRF token" at C:\wamp64\www\SuiteCRM-8.2.0\core\backend\Security\CSRFValidationListener.php line 96 {"exception":"[object] (Symfony\\Component\\HttpKernel\\Exception\\AccessDeniedHttpException(code: 0): Invalid CSRF token at C:\\wamp64\\www\\SuiteCRM-8.2.0\\core\\backend\\Security\\CSRFValidationListener.php:96)"} []
[2022-12-09 10:15:10] request.INFO: Matched route "api_graphql_entrypoint". {"route":"api_graphql_entrypoint","route_parameters":{"_route":"api_graphql_entrypoint","_controller":"api_platform.graphql.action.entrypoint","_graphql":true},"request_uri":"http://localhost/SuiteCRM-8.2.0/public/api/graphql","method":"POST"} []
[2022-12-09 10:15:10] request.ERROR: Uncaught PHP Exception Symfony\Component\HttpKernel\Exception\AccessDeniedHttpException: "Invalid CSRF token" at C:\wamp64\www\SuiteCRM-8.2.0\core\backend\Security\CSRFValidationListener.php line 96 {"exception":"[object] (Symfony\\Component\\HttpKernel\\Exception\\AccessDeniedHttpException(code: 0): Invalid CSRF token at C:\\wamp64\\www\\SuiteCRM-8.2.0\\core\\backend\\Security\\CSRFValidationListener.php:96)"} []
[2022-12-09 10:17:12] request.INFO: Matched route "api_graphql_entrypoint". {"route":"api_graphql_entrypoint","route_parameters":{"_route":"api_graphql_entrypoint","_controller":"api_platform.graphql.action.entrypoint","_graphql":true},"request_uri":"http://localhost/SuiteCRM-8.2.0/public/api/graphql","method":"POST"} []
[2022-12-09 10:17:12] request.ERROR: Uncaught PHP Exception Symfony\Component\HttpKernel\Exception\AccessDeniedHttpException: "Invalid CSRF token" at C:\wamp64\www\SuiteCRM-8.2.0\core\backend\Security\CSRFValidationListener.php line 96 {"exception":"[object] (Symfony\\Component\\HttpKernel\\Exception\\AccessDeniedHttpException(code: 0): Invalid CSRF token at C:\\wamp64\\www\\SuiteCRM-8.2.0\\core\\backend\\Security\\CSRFValidationListener.php:96)"} []
